<?xml version="1.0" encoding="UTF-8"?>
<testng-results skipped="0" failed="0" total="1" passed="1">
  <reporter-output>
  </reporter-output>
  <suite name="Test suite Selenium RC" duration-ms="28562" started-at="2013-04-08T12:01:33Z" finished-at="2013-04-08T12:02:01Z">
    <groups>
    </groups>
    <test name="Test nr.1 ze suity testowej selenium_mvn_project" duration-ms="28562" started-at="2013-04-08T12:01:33Z" finished-at="2013-04-08T12:02:01Z">
      <class name="domena.pl.FirstTest">
        <test-method status="PASS" signature="startDriver()[pri:0, instance:domena.pl.FirstTest@13d93f4]" name="startDriver" duration-ms="28546" started-at="2013-04-08T14:01:33Z" finished-at="2013-04-08T14:02:01Z">
          <reporter-output>
          </reporter-output>
        </test-method> <!-- startDriver -->
      </class> <!-- domena.pl.FirstTest -->
    </test> <!-- Test nr.1 ze suity testowej selenium_mvn_project -->
  </suite> <!-- Test suite Selenium RC -->
</testng-results>
