<?xml version="1.0" encoding="UTF-8"?>
<testng-results skipped="0" failed="0" total="1" passed="1">
  <reporter-output>
  </reporter-output>
  <suite name="Test suite Selenium RC" duration-ms="11696" started-at="2015-08-13T11:44:55Z" finished-at="2015-08-13T11:45:06Z">
    <groups>
    </groups>
    <test name="Test nr.1 ze suity testowej selenium_mvn_project" duration-ms="11696" started-at="2015-08-13T11:44:55Z" finished-at="2015-08-13T11:45:06Z">
      <class name="domena.pl.FirstTest">
        <test-method status="PASS" signature="startDriver()[pri:0, instance:domena.pl.FirstTest@880ec60]" name="startDriver" duration-ms="11675" started-at="2015-08-13T13:44:55Z" finished-at="2015-08-13T13:45:06Z">
          <reporter-output>
          </reporter-output>
        </test-method> <!-- startDriver -->
      </class> <!-- domena.pl.FirstTest -->
    </test> <!-- Test nr.1 ze suity testowej selenium_mvn_project -->
  </suite> <!-- Test suite Selenium RC -->
</testng-results>
